[debug] [2022-04-16T11:35:15.011Z] ----------------------------------------------------------------------
[debug] [2022-04-16T11:35:15.014Z] Command:       /Users/tenna/.nodebrew/node/v14.16.1/bin/node /Users/tenna/.nodebrew/current/bin/firebase init hosting
[debug] [2022-04-16T11:35:15.015Z] CLI Version:   10.5.0
[debug] [2022-04-16T11:35:15.015Z] Platform:      darwin
[debug] [2022-04-16T11:35:15.015Z] Node Version:  v14.16.1
[debug] [2022-04-16T11:35:15.023Z] Time:          Sat Apr 16 2022 20:35:15 GMT+0900 (日本標準時)
[debug] [2022-04-16T11:35:15.023Z] ----------------------------------------------------------------------
[debug] 
[debug] [2022-04-16T11:35:15.027Z] >>> [apiv2][query] GET https://firebase-public.firebaseio.com/cli.json [none]
[debug] [2022-04-16T11:35:15.143Z] > command requires scopes: ["email","openid","https://www.googleapis.com/auth/cloudplatformprojects.readonly","https://www.googleapis.com/auth/firebase","https://www.googleapis.com/auth/cloud-platform"]
[debug] [2022-04-16T11:35:15.144Z] > authorizing via signed-in user (tenna.churiki@gmail.com)
[info] 
     ######## #### ########  ######## ########     ###     ######  ########
     ##        ##  ##     ## ##       ##     ##  ##   ##  ##       ##
     ######    ##  ########  ######   ########  #########  ######  ######
     ##        ##  ##    ##  ##       ##     ## ##     ##       ## ##
     ##       #### ##     ## ######## ########  ##     ##  ######  ########

You're about to initialize a Firebase project in this directory:

  /Users/tenna

Before we get started, keep in mind:

  * You are initializing within an existing Firebase project directory

[info] 
=== Project Setup
[info] 
[info] First, let's associate this project directory with a Firebase project.
[info] You can create multiple project aliases by running firebase use --add, 
[info] but for now we'll just set up a default project.
[info] 
[debug] [2022-04-16T11:35:15.148Z] Using project from CLI flag: mystats-4c5a0
[debug] [2022-04-16T11:35:15.149Z] > refreshing access token with scopes: []
[debug] [2022-04-16T11:35:15.150Z] >>> HTTP REQUEST POST https://www.googleapis.com/oauth2/v3/token  
 <request body omitted>
[debug] [2022-04-16T11:35:15.312Z] <<< HTTP RESPONSE 200 {"cache-control":"no-cache, no-store, max-age=0, must-revalidate","date":"Sat, 16 Apr 2022 11:35:15 GMT","expires":"Mon, 01 Jan 1990 00:00:00 GMT","pragma":"no-cache","content-type":"application/json; charset=utf-8","vary":"X-Origin, Referer, Origin,Accept-Encoding","server":"scaffolding on HTTPServer2","x-xss-protection":"0","x-frame-options":"SAMEORIGIN","x-content-type-options":"nosniff","alt-svc":"h3=\":443\"; ma=2592000,h3-29=\":443\"; ma=2592000,h3-Q050=\":443\"; ma=2592000,h3-Q046=\":443\"; ma=2592000,h3-Q043=\":443\"; ma=2592000,quic=\":443\"; ma=2592000; v=\"46,43\"","accept-ranges":"none","transfer-encoding":"chunked"}
[debug] [2022-04-16T11:35:15.364Z] >>> [apiv2][query] GET https://firebase.googleapis.com/v1beta1/projects/mystats-4c5a0 [none]
[debug] [2022-04-16T11:35:15.851Z] <<< [apiv2][status] GET https://firebase-public.firebaseio.com/cli.json 200
[debug] [2022-04-16T11:35:15.851Z] <<< [apiv2][body] GET https://firebase-public.firebaseio.com/cli.json {"cloudBuildErrorAfter":1594252800000,"cloudBuildWarnAfter":1590019200000,"defaultNode10After":1594252800000,"minVersion":"3.0.5","node8DeploysDisabledAfter":1613390400000,"node8RuntimeDisabledAfter":1615809600000,"node8WarnAfter":1600128000000}
[debug] [2022-04-16T11:35:16.198Z] <<< [apiv2][status] GET https://firebase.googleapis.com/v1beta1/projects/mystats-4c5a0 200
[debug] [2022-04-16T11:35:16.198Z] <<< [apiv2][body] GET https://firebase.googleapis.com/v1beta1/projects/mystats-4c5a0 {"projectId":"mystats-4c5a0","projectNumber":"236734061822","displayName":"Tabiary","name":"projects/mystats-4c5a0","resources":{"hostingSite":"mystats-4c5a0","storageBucket":"mystats-4c5a0.appspot.com","locationId":"us-central"},"state":"ACTIVE"}
[info] i  Using project mystats-4c5a0 (Tabiary) 
[info] 
=== Hosting Setup
[info] 
[info] Your public directory is the folder (relative to your project directory) that
[info] will contain Hosting assets to be uploaded with firebase deploy. If you
[info] have a build process for your assets, use your build's output directory.
[info] 
